241004	11:06:49
1f7be248-7cec-4521-8534-e752f41fd908	/	No Origin	GET
241004	11:07:52	65b1d25e-ef04-4ca7-8c3e-8f2479986e92	/favicon.ico	No Origin	GET
241004	11:08:52	6826f26e-fa7d-49b3-b9f4-41ae91925ab1	/	No Origin	GET
241004	11:08:58	053b210d-825b-4541-9f66-bd9c0fb367bd	/favicon.ico	No Origin	GET
241004	11:14:55	0636c730-f1a7-47e9-8acf-c32a77fefb34	/	No Origin	GET
241005	12:39:03	f3fa80f0-ba0d-43c2-8a8a-9c02554e545e	/	No Origin	GET
241005	12:39:58	1faa683b-27b4-4a4a-bd81-83c515ebec4e	//api/v1/tours/5	No Origin	GET
241005	12:40:07	49ebc7fa-a57f-46b2-9aa2-0f8e646d39d3	//api/v1/tours/5	No Origin	PATCH
241005	12:40:38	b5c0c4f9-1ebe-424e-8d85-c7c3778998da	//api/v1/tours/5	No Origin	GET
241005	12:40:50	8aa2973d-8ffd-4314-a07d-a0266c579447	//api/v1/tours/1	No Origin	GET
241005	12:40:53	9dd20c21-b2e5-43d2-afaa-26b981279315	//api/v1/tours	No Origin	GET
241005	12:41:57	7fe373ba-6a8d-4f42-9e5f-299c0a1b4098	/api/v1/tours/2	No Origin	PATCH
241005	12:42:57	bfba805f-64d2-469c-9fb4-e31ba0d8055c	/api/v1/tours/2	No Origin	PATCH
241005	12:43:25	02b32582-8768-4720-b0ca-9ec49e4928ab	/api/v1/tours/2	No Origin	PATCH
241005	01:50:10	48e0e0f7-d91a-4d26-bef9-22a887e89f6f	/	No Origin	GET
241005	03:38:48	b87633a8-3412-41e9-ab6a-b0f022875f29	/	No Origin	GET
241005	03:46:12	f56eee56-f812-4775-b2b5-2e97d3d9bac8	/	No Origin	GET
241006	05:06:41	e7da3544-4d1e-4103-9f1a-7f70a7bcebd4	/api/v1/tours	No Origin	GET
241006	05:07:08	96fb6936-b612-4467-8a67-2bcde718d0b3	/api/v1/tours	No Origin	GET
241006	05:07:32	710a9348-bf34-427c-8511-54b1f6302b01	/	No Origin	GET
241006	05:07:47	15a7a0a9-6db1-4773-8e5b-84fc7bd6f04f	/api/v1/tours	No Origin	GET
241006	05:18:50	9fdf0ae2-762c-4712-9bf0-33fade1069e5	/	No Origin	GET
241006	05:20:10	d11856d4-cc42-478d-8367-ac9d6e6f03cd	/api/v1/tours	No Origin	GET
241006	05:27:46	085dc716-5ca2-4f13-a83b-2d9c9a2ebe49	/	No Origin	GET
241006	05:28:06	e3dba81f-354a-406c-8814-859c2d35ee15	/api/v1/tours	No Origin	GET
241006	05:29:41	e04832c3-9bd5-4ea9-9da0-8c48320d5d5b	/	No Origin	GET
241006	05:29:54	f2c8e8f3-f4de-417d-8072-c81c485751f5	/favicon.ico	No Origin	GET
241008	01:26:52	f38862f5-76ad-4de9-986e-20b67fe51195	/	No Origin	GET
241008	01:27:52	91660556-e535-43c7-9d80-709a49a32a24	/favicon.ico	No Origin	GET
241013	07:45:05	ff97e4bd-4f9b-4233-a12a-37d1a186cbff	/	No Origin	GET
241013	07:46:28	acc34a9b-0675-4dec-84f0-2b806e6b3a96	/	No Origin	POST
241013	08:15:39	a8aefca3-dfd9-488c-a246-0b2cee6c987f	//api/v1/tours	No Origin	GET
241013	08:15:47	2eaa5e84-5723-4442-bb94-b16b7c94732f	//api/v1/tours/	No Origin	GET
241013	08:16:47	2d00f083-04f0-4dc6-8c76-fa602e9eaefc	//api/v1/tours/	No Origin	GET
241020	01:07:15	c11b6cd9-37f7-42e5-b8ab-ef6655d6c57f	/	No Origin	GET
241022	01:47:42	dd5fb648-d80e-4d91-9c9e-464aa13edab4	/	No Origin	GET
241022	01:48:15	456fc152-7eb4-47d1-b6ba-d9f3a2b450a0	/favicon.ico	No Origin	GET
